[0m11:35:39.579716 [debug] [MainThread]: Sending event: {'category': 'dbt', 'action': 'invocation', 'label': 'start', 'context': [<snowplow_tracker.self_describing_json.SelfDescribingJson object at 0x000001D310ABF8F0>, <snowplow_tracker.self_describing_json.SelfDescribingJson object at 0x000001D30F050680>, <snowplow_tracker.self_describing_json.SelfDescribingJson object at 0x000001D30E2BF650>]}


============================== 11:35:39.603748 | 2ee53867-8681-4b2b-8843-5cd00f8cf3fa ==============================
[0m11:35:39.603748 [info ] [MainThread]: Running with dbt=1.9.2
[0m11:35:39.620540 [debug] [MainThread]: running dbt with arguments {'printer_width': '80', 'indirect_selection': 'eager', 'log_cache_events': 'False', 'write_json': 'True', 'partial_parse': 'True', 'cache_selected_only': 'False', 'warn_error': 'None', 'debug': 'False', 'fail_fast': 'False', 'log_path': 'logs', 'version_check': 'True', 'profiles_dir': 'C:\\Users\\HP\\.dbt', 'use_colors': 'True', 'use_experimental_parser': 'False', 'no_print': 'None', 'quiet': 'False', 'empty': 'None', 'log_format': 'default', 'introspect': 'True', 'static_parser': 'True', 'invocation_command': 'dbt init telegram_messages', 'target_path': 'None', 'warn_error_options': 'WarnErrorOptions(include=[], exclude=[])', 'send_anonymous_usage_stats': 'True'}
[0m11:35:39.870000 [warn ] [MainThread]: [ConfigFolderDirectory]: Unable to parse logging event dictionary. Failed to parse dir field: expected string or bytes-like object, got 'WindowsPath'.. Dictionary: {'dir': WindowsPath('C:/Users/HP/.dbt')}
[0m11:35:39.885630 [info ] [MainThread]: Creating dbt configuration folder at 
[0m11:35:39.885630 [debug] [MainThread]: Starter project path: C:\Users\HP\OneDrive\Desktop\ai2\kaim-week-07\venv\Lib\site-packages\dbt\include\starter_project
[0m11:35:40.053825 [info ] [MainThread]: 
Your new dbt project "telegram_messages" was created!

For more information on how to configure the profiles.yml file,
please consult the dbt documentation here:

  https://docs.getdbt.com/docs/configure-your-profile

One more thing:

Need help? Don't hesitate to reach out to us via GitHub issues or on Slack:

  https://community.getdbt.com/

Happy modeling!

[0m11:35:40.053825 [info ] [MainThread]: Setting up your profile.
[0m11:35:40.053825 [error] [MainThread]: Encountered an error:
Runtime Error
  No adapters available. Learn how to install an adapter by going to https://docs.getdbt.com/docs/connect-adapters#install-using-the-cli
[0m11:35:40.150895 [debug] [MainThread]: Command `dbt init` failed at 11:35:40.150895 after 3.08 seconds
[0m11:35:40.150895 [debug] [MainThread]: Sending event: {'category': 'dbt', 'action': 'invocation', 'label': 'end', 'context': [<snowplow_tracker.self_describing_json.SelfDescribingJson object at 0x000001D31106C560>, <snowplow_tracker.self_describing_json.SelfDescribingJson object at 0x000001D3119ABD10>, <snowplow_tracker.self_describing_json.SelfDescribingJson object at 0x000001D311403AA0>]}
[0m11:35:40.150895 [debug] [MainThread]: Flushing usage events
[0m11:35:41.759536 [debug] [MainThread]: An error was encountered while trying to flush usage events
[0m11:44:57.252061 [debug] [MainThread]: Sending event: {'category': 'dbt', 'action': 'invocation', 'label': 'start', 'context': [<snowplow_tracker.self_describing_json.SelfDescribingJson object at 0x0000015C1B699820>, <snowplow_tracker.self_describing_json.SelfDescribingJson object at 0x0000015C1AC43E00>, <snowplow_tracker.self_describing_json.SelfDescribingJson object at 0x0000015C1DD8AA50>]}


============================== 11:44:57.267691 | fb7db2ea-f9b8-4802-84e2-d5188d7cedf2 ==============================
[0m11:44:57.267691 [info ] [MainThread]: Running with dbt=1.9.2
[0m11:44:57.267691 [debug] [MainThread]: running dbt with arguments {'printer_width': '80', 'indirect_selection': 'eager', 'write_json': 'True', 'log_cache_events': 'False', 'partial_parse': 'True', 'cache_selected_only': 'False', 'profiles_dir': 'C:\\Users\\HP\\.dbt', 'fail_fast': 'False', 'version_check': 'True', 'log_path': 'logs', 'debug': 'False', 'warn_error': 'None', 'use_colors': 'True', 'use_experimental_parser': 'False', 'empty': 'None', 'quiet': 'False', 'no_print': 'None', 'warn_error_options': 'WarnErrorOptions(include=[], exclude=[])', 'static_parser': 'True', 'invocation_command': 'dbt debug', 'introspect': 'True', 'target_path': 'None', 'log_format': 'default', 'send_anonymous_usage_stats': 'True'}
[0m11:44:57.373882 [info ] [MainThread]: dbt version: 1.9.2
[0m11:44:57.373882 [info ] [MainThread]: python version: 3.12.4
[0m11:44:57.373882 [info ] [MainThread]: python path: C:\Users\HP\OneDrive\Desktop\ai2\kaim-week-07\venv\Scripts\python.exe
[0m11:44:57.389511 [info ] [MainThread]: os info: Windows-11-10.0.22631-SP0
[0m11:44:57.397721 [info ] [MainThread]: Using profiles dir at C:\Users\HP\.dbt
[0m11:44:57.465465 [info ] [MainThread]: Using profiles.yml file at C:\Users\HP\.dbt\profiles.yml
[0m11:44:57.721656 [info ] [MainThread]: Using dbt_project.yml file at C:\Users\HP\OneDrive\Desktop\ai2\kaim-week-07\dbt_project.yml
[0m11:44:57.939402 [info ] [MainThread]: Configuration:
[0m11:44:57.955033 [info ] [MainThread]:   profiles.yml file [[31mERROR not found[0m]
[0m11:44:58.039578 [info ] [MainThread]:   dbt_project.yml file [[31mERROR not found[0m]
[0m11:44:58.039578 [info ] [MainThread]: Required dependencies:
[0m11:44:58.047588 [debug] [MainThread]: Executing "git --help"
[0m11:44:58.395873 [debug] [MainThread]: STDOUT: "b"usage: git [-v | --version] [-h | --help] [-C <path>] [-c <name>=<value>]\n           [--exec-path[=<path>]] [--html-path] [--man-path] [--info-path]\n           [-p | --paginate | -P | --no-pager] [--no-replace-objects] [--bare]\n           [--git-dir=<path>] [--work-tree=<path>] [--namespace=<name>]\n           [--config-env=<name>=<envvar>] <command> [<args>]\n\nThese are common Git commands used in various situations:\n\nstart a working area (see also: git help tutorial)\n   clone     Clone a repository into a new directory\n   init      Create an empty Git repository or reinitialize an existing one\n\nwork on the current change (see also: git help everyday)\n   add       Add file contents to the index\n   mv        Move or rename a file, a directory, or a symlink\n   restore   Restore working tree files\n   rm        Remove files from the working tree and from the index\n\nexamine the history and state (see also: git help revisions)\n   bisect    Use binary search to find the commit that introduced a bug\n   diff      Show changes between commits, commit and working tree, etc\n   grep      Print lines matching a pattern\n   log       Show commit logs\n   show      Show various types of objects\n   status    Show the working tree status\n\ngrow, mark and tweak your common history\n   branch    List, create, or delete branches\n   commit    Record changes to the repository\n   merge     Join two or more development histories together\n   rebase    Reapply commits on top of another base tip\n   reset     Reset current HEAD to the specified state\n   switch    Switch branches\n   tag       Create, list, delete or verify a tag object signed with GPG\n\ncollaborate (see also: git help workflows)\n   fetch     Download objects and refs from another repository\n   pull      Fetch from and integrate with another repository or a local branch\n   push      Update remote refs along with associated objects\n\n'git help -a' and 'git help -g' list available subcommands and some\nconcept guides. See 'git help <command>' or 'git help <concept>'\nto read about a specific subcommand or concept.\nSee 'git help git' for an overview of the system.\n""
[0m11:44:58.395873 [debug] [MainThread]: STDERR: "b''"
[0m11:44:58.411503 [info ] [MainThread]:  - git [[32mOK found[0m]

[0m11:44:58.411503 [info ] [MainThread]: Connection test skipped since no profile was found
[0m11:44:58.411503 [info ] [MainThread]: [31m2 checks failed:[0m
[0m11:44:58.426645 [info ] [MainThread]: dbt looked for a profiles.yml file in C:\Users\HP\.dbt\profiles.yml, but did
not find one. For more information on configuring your profile, consult the
documentation:

https://docs.getdbt.com/docs/configure-your-profile


[0m11:44:58.436158 [info ] [MainThread]: Project loading failed for the following reason:
 project path <C:\Users\HP\OneDrive\Desktop\ai2\kaim-week-07\dbt_project.yml> not found

[0m11:44:58.445897 [debug] [MainThread]: Command `dbt debug` failed at 11:44:58.445897 after 2.02 seconds
[0m11:44:58.445897 [debug] [MainThread]: Sending event: {'category': 'dbt', 'action': 'invocation', 'label': 'end', 'context': [<snowplow_tracker.self_describing_json.SelfDescribingJson object at 0x0000015C1E18E060>, <snowplow_tracker.self_describing_json.SelfDescribingJson object at 0x0000015C1ADAA720>, <snowplow_tracker.self_describing_json.SelfDescribingJson object at 0x0000015C1ADAB680>]}
[0m11:44:58.445897 [debug] [MainThread]: Flushing usage events
[0m11:45:01.275879 [debug] [MainThread]: An error was encountered while trying to flush usage events
