2025-01-31 11:12:22,870 - INFO - Starting Telegram client...
2025-01-31 11:12:22,870 - INFO - Connecting to 149.154.167.51:443/TcpFull...
2025-01-31 11:12:25,208 - INFO - Connection to 149.154.167.51:443/TcpFull complete!
2025-01-31 11:12:26,931 - INFO - Phone migrated to 4
2025-01-31 11:12:27,424 - INFO - Reconnecting to new data center 4
2025-01-31 11:12:27,941 - INFO - Disconnecting from 149.154.167.51:443/TcpFull...
2025-01-31 11:12:27,941 - INFO - Disconnection from 149.154.167.51:443/TcpFull complete!
2025-01-31 11:12:27,956 - INFO - Connecting to 149.154.167.92:443/TcpFull...
2025-01-31 11:12:30,646 - INFO - Connection to 149.154.167.92:443/TcpFull complete!
2025-01-31 11:15:38,755 - INFO - Telegram client started successfully.
2025-01-31 11:15:38,755 - INFO - Scraping channel: DoctorsET
2025-01-31 11:15:39,902 - INFO - Starting direct file download in chunks of 131072 at 0, stride 131072
2025-01-31 11:15:42,050 - INFO - Starting direct file download in chunks of 131072 at 0, stride 131072
2025-01-31 11:15:43,770 - INFO - Starting direct file download in chunks of 131072 at 0, stride 131072
2025-01-31 11:15:44,865 - INFO - Starting direct file download in chunks of 131072 at 0, stride 131072
2025-01-31 11:15:46,750 - INFO - Starting direct file download in chunks of 131072 at 0, stride 131072
2025-01-31 11:15:47,900 - INFO - Starting direct file download in chunks of 131072 at 0, stride 131072
2025-01-31 11:15:48,806 - INFO - Starting direct file download in chunks of 131072 at 0, stride 131072
2025-01-31 11:15:50,297 - INFO - Starting direct file download in chunks of 131072 at 0, stride 131072
2025-01-31 11:15:51,564 - INFO - Starting direct file download in chunks of 131072 at 0, stride 131072
2025-01-31 11:15:52,485 - INFO - Starting direct file download in chunks of 131072 at 0, stride 131072
2025-01-31 11:15:54,407 - INFO - Starting direct file download in chunks of 131072 at 0, stride 131072
2025-01-31 11:15:55,437 - INFO - Starting direct file download in chunks of 131072 at 0, stride 131072
2025-01-31 11:15:56,227 - INFO - Starting direct file download in chunks of 131072 at 0, stride 131072
2025-01-31 11:15:57,067 - INFO - Starting direct file download in chunks of 131072 at 0, stride 131072
2025-01-31 11:15:57,794 - INFO - Starting direct file download in chunks of 131072 at 0, stride 131072
2025-01-31 11:15:58,545 - INFO - Starting direct file download in chunks of 131072 at 0, stride 131072
2025-01-31 11:15:59,521 - INFO - Starting direct file download in chunks of 131072 at 0, stride 131072
2025-01-31 11:16:00,246 - INFO - Starting direct file download in chunks of 131072 at 0, stride 131072
2025-01-31 11:16:01,103 - INFO - Starting direct file download in chunks of 131072 at 0, stride 131072
2025-01-31 11:16:01,737 - INFO - Starting direct file download in chunks of 131072 at 0, stride 131072
2025-01-31 11:16:02,653 - INFO - Starting direct file download in chunks of 131072 at 0, stride 131072
2025-01-31 11:16:03,247 - INFO - Starting direct file download in chunks of 131072 at 0, stride 131072
2025-01-31 11:16:03,974 - INFO - Starting direct file download in chunks of 131072 at 0, stride 131072
2025-01-31 11:16:04,669 - INFO - Starting direct file download in chunks of 131072 at 0, stride 131072
2025-01-31 11:16:06,081 - INFO - Starting direct file download in chunks of 131072 at 0, stride 131072
2025-01-31 11:16:06,977 - INFO - Starting direct file download in chunks of 131072 at 0, stride 131072
2025-01-31 11:16:07,989 - INFO - Starting direct file download in chunks of 131072 at 0, stride 131072
2025-01-31 11:16:09,404 - INFO - Starting direct file download in chunks of 131072 at 0, stride 131072
2025-01-31 11:16:11,691 - INFO - Starting direct file download in chunks of 131072 at 0, stride 131072
2025-01-31 11:16:12,593 - INFO - Starting direct file download in chunks of 131072 at 0, stride 131072
2025-01-31 11:16:13,416 - INFO - Starting direct file download in chunks of 131072 at 0, stride 131072
2025-01-31 11:16:14,181 - INFO - Starting direct file download in chunks of 131072 at 0, stride 131072
2025-01-31 11:16:14,884 - INFO - Starting direct file download in chunks of 131072 at 0, stride 131072
2025-01-31 11:16:15,571 - INFO - Starting direct file download in chunks of 131072 at 0, stride 131072
2025-01-31 11:16:16,255 - INFO - Starting direct file download in chunks of 131072 at 0, stride 131072
2025-01-31 11:16:17,581 - INFO - Starting direct file download in chunks of 131072 at 0, stride 131072
2025-01-31 11:16:18,618 - INFO - Starting direct file download in chunks of 131072 at 0, stride 131072
2025-01-31 11:16:19,346 - INFO - Starting direct file download in chunks of 131072 at 0, stride 131072
2025-01-31 11:16:20,400 - INFO - Starting direct file download in chunks of 131072 at 0, stride 131072
2025-01-31 11:16:21,681 - INFO - Starting direct file download in chunks of 131072 at 0, stride 131072
2025-01-31 11:16:22,829 - INFO - Starting direct file download in chunks of 131072 at 0, stride 131072
2025-01-31 11:16:23,692 - INFO - Starting direct file download in chunks of 131072 at 0, stride 131072
2025-01-31 11:16:24,398 - INFO - Starting direct file download in chunks of 131072 at 0, stride 131072
2025-01-31 11:16:25,795 - INFO - Starting direct file download in chunks of 131072 at 0, stride 131072
2025-01-31 11:16:26,645 - INFO - Starting direct file download in chunks of 131072 at 0, stride 131072
2025-01-31 11:16:27,509 - INFO - Starting direct file download in chunks of 131072 at 0, stride 131072
2025-01-31 11:16:29,117 - INFO - Starting direct file download in chunks of 131072 at 0, stride 131072
2025-01-31 11:16:30,797 - INFO - Starting direct file download in chunks of 131072 at 0, stride 131072
2025-01-31 11:16:31,757 - INFO - Starting direct file download in chunks of 131072 at 0, stride 131072
2025-01-31 11:16:32,833 - INFO - Starting direct file download in chunks of 131072 at 0, stride 131072
2025-01-31 11:16:34,361 - INFO - Starting direct file download in chunks of 131072 at 0, stride 131072
2025-01-31 11:16:35,265 - INFO - Starting direct file download in chunks of 131072 at 0, stride 131072
2025-01-31 11:16:36,383 - INFO - Starting direct file download in chunks of 131072 at 0, stride 131072
2025-01-31 11:16:38,269 - INFO - Starting direct file download in chunks of 131072 at 0, stride 131072
2025-01-31 11:16:39,125 - INFO - Starting direct file download in chunks of 131072 at 0, stride 131072
2025-01-31 11:16:40,114 - INFO - Starting direct file download in chunks of 131072 at 0, stride 131072
2025-01-31 11:16:41,898 - INFO - Starting direct file download in chunks of 131072 at 0, stride 131072
2025-01-31 11:16:42,617 - INFO - Starting direct file download in chunks of 131072 at 0, stride 131072
2025-01-31 11:16:43,318 - INFO - Starting direct file download in chunks of 131072 at 0, stride 131072
2025-01-31 11:16:44,737 - INFO - Starting direct file download in chunks of 131072 at 0, stride 131072
2025-01-31 11:16:46,497 - INFO - Starting direct file download in chunks of 131072 at 0, stride 131072
2025-01-31 11:16:47,573 - INFO - Starting direct file download in chunks of 131072 at 0, stride 131072
2025-01-31 11:16:49,475 - INFO - Starting direct file download in chunks of 131072 at 0, stride 131072
2025-01-31 11:16:50,321 - INFO - Starting direct file download in chunks of 131072 at 0, stride 131072
2025-01-31 11:16:51,765 - INFO - Starting direct file download in chunks of 131072 at 0, stride 131072
2025-01-31 11:16:52,737 - INFO - Starting direct file download in chunks of 131072 at 0, stride 131072
2025-01-31 11:16:53,371 - INFO - Starting direct file download in chunks of 131072 at 0, stride 131072
2025-01-31 11:16:54,321 - INFO - Starting direct file download in chunks of 131072 at 0, stride 131072
2025-01-31 11:16:55,205 - INFO - Starting direct file download in chunks of 131072 at 0, stride 131072
2025-01-31 11:16:55,743 - INFO - Completed scraping channel: DoctorsET - Total messages: 100
2025-01-31 11:16:55,743 - INFO - Scraping channel: lobelia4cosmetics
2025-01-31 11:16:56,306 - INFO - Starting direct file download in chunks of 131072 at 0, stride 131072
2025-01-31 11:16:57,655 - INFO - Starting direct file download in chunks of 131072 at 0, stride 131072
2025-01-31 11:16:58,371 - INFO - Starting direct file download in chunks of 131072 at 0, stride 131072
2025-01-31 11:16:58,831 - INFO - Starting direct file download in chunks of 131072 at 0, stride 131072
2025-01-31 11:16:59,203 - INFO - Starting direct file download in chunks of 131072 at 0, stride 131072
2025-01-31 11:16:59,729 - INFO - Starting direct file download in chunks of 131072 at 0, stride 131072
2025-01-31 11:17:00,174 - INFO - Starting direct file download in chunks of 131072 at 0, stride 131072
2025-01-31 11:17:01,559 - INFO - Starting direct file download in chunks of 131072 at 0, stride 131072
2025-01-31 11:17:02,370 - INFO - Starting direct file download in chunks of 131072 at 0, stride 131072
2025-01-31 11:17:03,120 - INFO - Starting direct file download in chunks of 131072 at 0, stride 131072
2025-01-31 11:17:06,619 - INFO - Starting direct file download in chunks of 131072 at 0, stride 131072
2025-01-31 11:17:07,580 - INFO - Starting direct file download in chunks of 131072 at 0, stride 131072
2025-01-31 11:17:07,942 - INFO - Starting direct file download in chunks of 131072 at 0, stride 131072
2025-01-31 11:17:08,195 - INFO - Starting direct file download in chunks of 131072 at 0, stride 131072
2025-01-31 11:17:09,320 - INFO - Starting direct file download in chunks of 131072 at 0, stride 131072
2025-01-31 11:17:10,122 - INFO - Starting direct file download in chunks of 131072 at 0, stride 131072
2025-01-31 11:17:10,903 - INFO - Starting direct file download in chunks of 131072 at 0, stride 131072
2025-01-31 11:17:12,583 - INFO - Starting direct file download in chunks of 131072 at 0, stride 131072
2025-01-31 11:17:13,014 - INFO - Starting direct file download in chunks of 131072 at 0, stride 131072
2025-01-31 11:17:13,502 - INFO - Starting direct file download in chunks of 131072 at 0, stride 131072
2025-01-31 11:17:13,886 - INFO - Starting direct file download in chunks of 131072 at 0, stride 131072
2025-01-31 11:17:15,302 - INFO - Starting direct file download in chunks of 131072 at 0, stride 131072
2025-01-31 11:17:15,778 - INFO - Starting direct file download in chunks of 131072 at 0, stride 131072
2025-01-31 11:17:18,119 - INFO - Starting direct file download in chunks of 131072 at 0, stride 131072
2025-01-31 11:17:18,627 - INFO - Starting direct file download in chunks of 131072 at 0, stride 131072
2025-01-31 11:17:19,191 - INFO - Starting direct file download in chunks of 131072 at 0, stride 131072
2025-01-31 11:17:19,970 - INFO - Starting direct file download in chunks of 131072 at 0, stride 131072
2025-01-31 11:17:21,236 - INFO - Starting direct file download in chunks of 131072 at 0, stride 131072
2025-01-31 11:17:24,550 - INFO - Starting direct file download in chunks of 131072 at 0, stride 131072
2025-01-31 11:17:26,444 - INFO - Starting direct file download in chunks of 131072 at 0, stride 131072
2025-01-31 11:17:28,111 - INFO - Starting direct file download in chunks of 131072 at 0, stride 131072
2025-01-31 11:17:30,527 - INFO - Starting direct file download in chunks of 131072 at 0, stride 131072
2025-01-31 11:17:31,531 - INFO - Starting direct file download in chunks of 131072 at 0, stride 131072
2025-01-31 11:17:33,202 - INFO - Starting direct file download in chunks of 131072 at 0, stride 131072
2025-01-31 11:17:34,820 - INFO - Starting direct file download in chunks of 131072 at 0, stride 131072
2025-01-31 11:17:35,454 - INFO - Starting direct file download in chunks of 131072 at 0, stride 131072
2025-01-31 11:17:37,003 - INFO - Starting direct file download in chunks of 131072 at 0, stride 131072
2025-01-31 11:17:39,265 - INFO - Starting direct file download in chunks of 131072 at 0, stride 131072
2025-01-31 11:17:39,727 - INFO - Starting direct file download in chunks of 131072 at 0, stride 131072
2025-01-31 11:17:40,168 - INFO - Starting direct file download in chunks of 131072 at 0, stride 131072
2025-01-31 11:17:40,930 - INFO - Starting direct file download in chunks of 131072 at 0, stride 131072
2025-01-31 11:17:41,470 - INFO - Starting direct file download in chunks of 131072 at 0, stride 131072
2025-01-31 11:17:42,068 - INFO - Starting direct file download in chunks of 131072 at 0, stride 131072
2025-01-31 11:17:42,508 - INFO - Starting direct file download in chunks of 131072 at 0, stride 131072
2025-01-31 11:17:44,303 - INFO - Starting direct file download in chunks of 131072 at 0, stride 131072
2025-01-31 11:17:45,869 - INFO - Starting direct file download in chunks of 131072 at 0, stride 131072
2025-01-31 11:17:47,343 - INFO - Starting direct file download in chunks of 131072 at 0, stride 131072
2025-01-31 11:17:47,917 - INFO - Starting direct file download in chunks of 131072 at 0, stride 131072
2025-01-31 11:17:48,532 - INFO - Starting direct file download in chunks of 131072 at 0, stride 131072
2025-01-31 11:17:49,150 - INFO - Starting direct file download in chunks of 131072 at 0, stride 131072
2025-01-31 11:17:49,424 - INFO - Starting direct file download in chunks of 131072 at 0, stride 131072
2025-01-31 11:17:50,396 - INFO - Starting direct file download in chunks of 131072 at 0, stride 131072
2025-01-31 11:17:50,979 - INFO - Starting direct file download in chunks of 131072 at 0, stride 131072
2025-01-31 11:17:53,568 - INFO - Starting direct file download in chunks of 131072 at 0, stride 131072
2025-01-31 11:17:54,617 - INFO - Starting direct file download in chunks of 131072 at 0, stride 131072
2025-01-31 11:17:56,418 - INFO - Starting direct file download in chunks of 131072 at 0, stride 131072
2025-01-31 11:18:01,079 - INFO - Starting direct file download in chunks of 131072 at 0, stride 131072
2025-01-31 11:18:01,950 - INFO - Starting direct file download in chunks of 131072 at 0, stride 131072
2025-01-31 11:18:04,016 - INFO - Starting direct file download in chunks of 131072 at 0, stride 131072
2025-01-31 11:18:04,295 - INFO - Starting direct file download in chunks of 131072 at 0, stride 131072
2025-01-31 11:18:05,775 - INFO - Starting direct file download in chunks of 131072 at 0, stride 131072
2025-01-31 11:18:07,181 - INFO - Starting direct file download in chunks of 131072 at 0, stride 131072
2025-01-31 11:18:07,766 - INFO - Starting direct file download in chunks of 131072 at 0, stride 131072
2025-01-31 11:18:08,361 - INFO - Starting direct file download in chunks of 131072 at 0, stride 131072
2025-01-31 11:18:09,740 - INFO - Starting direct file download in chunks of 131072 at 0, stride 131072
2025-01-31 11:18:12,630 - INFO - Starting direct file download in chunks of 131072 at 0, stride 131072
2025-01-31 11:18:12,912 - INFO - Starting direct file download in chunks of 131072 at 0, stride 131072
2025-01-31 11:18:13,468 - INFO - Starting direct file download in chunks of 131072 at 0, stride 131072
2025-01-31 11:18:15,671 - INFO - Starting direct file download in chunks of 131072 at 0, stride 131072
2025-01-31 11:18:16,365 - INFO - Starting direct file download in chunks of 131072 at 0, stride 131072
2025-01-31 11:18:19,893 - INFO - Starting direct file download in chunks of 131072 at 0, stride 131072
2025-01-31 11:18:21,859 - INFO - Starting direct file download in chunks of 131072 at 0, stride 131072
2025-01-31 11:18:23,730 - INFO - Starting direct file download in chunks of 131072 at 0, stride 131072
2025-01-31 11:18:24,691 - INFO - Starting direct file download in chunks of 131072 at 0, stride 131072
2025-01-31 11:18:25,166 - INFO - Starting direct file download in chunks of 131072 at 0, stride 131072
2025-01-31 11:18:25,915 - INFO - Starting direct file download in chunks of 131072 at 0, stride 131072
2025-01-31 11:18:27,172 - INFO - Starting direct file download in chunks of 131072 at 0, stride 131072
2025-01-31 11:18:27,665 - INFO - Starting direct file download in chunks of 131072 at 0, stride 131072
2025-01-31 11:18:29,498 - INFO - Starting direct file download in chunks of 131072 at 0, stride 131072
2025-01-31 11:18:31,183 - INFO - Starting direct file download in chunks of 131072 at 0, stride 131072
2025-01-31 11:18:32,852 - INFO - Starting direct file download in chunks of 131072 at 0, stride 131072
2025-01-31 11:18:34,057 - INFO - Starting direct file download in chunks of 131072 at 0, stride 131072
2025-01-31 11:18:34,871 - INFO - Starting direct file download in chunks of 131072 at 0, stride 131072
2025-01-31 11:18:36,008 - INFO - Starting direct file download in chunks of 131072 at 0, stride 131072
2025-01-31 11:18:36,493 - INFO - Starting direct file download in chunks of 131072 at 0, stride 131072
2025-01-31 11:18:36,792 - INFO - Starting direct file download in chunks of 131072 at 0, stride 131072
2025-01-31 11:18:37,793 - INFO - Starting direct file download in chunks of 131072 at 0, stride 131072
2025-01-31 11:18:39,554 - INFO - Starting direct file download in chunks of 131072 at 0, stride 131072
2025-01-31 11:18:40,050 - INFO - Starting direct file download in chunks of 131072 at 0, stride 131072
2025-01-31 11:18:42,200 - INFO - Starting direct file download in chunks of 131072 at 0, stride 131072
2025-01-31 11:18:42,705 - INFO - Starting direct file download in chunks of 131072 at 0, stride 131072
2025-01-31 11:18:43,347 - INFO - Starting direct file download in chunks of 131072 at 0, stride 131072
2025-01-31 11:18:44,089 - INFO - Starting direct file download in chunks of 131072 at 0, stride 131072
2025-01-31 11:18:45,323 - INFO - Starting direct file download in chunks of 131072 at 0, stride 131072
2025-01-31 11:18:46,343 - INFO - Starting direct file download in chunks of 131072 at 0, stride 131072
2025-01-31 11:18:46,905 - INFO - Starting direct file download in chunks of 131072 at 0, stride 131072
2025-01-31 11:18:48,292 - INFO - Starting direct file download in chunks of 131072 at 0, stride 131072
2025-01-31 11:18:48,782 - INFO - Starting direct file download in chunks of 131072 at 0, stride 131072
2025-01-31 11:18:49,605 - INFO - Starting direct file download in chunks of 131072 at 0, stride 131072
2025-01-31 11:18:50,350 - INFO - Starting direct file download in chunks of 131072 at 0, stride 131072
2025-01-31 11:18:50,612 - INFO - Completed scraping channel: lobelia4cosmetics - Total messages: 100
2025-01-31 11:18:50,612 - INFO - Scraping channel: yetenaweg
2025-01-31 11:18:51,502 - INFO - Starting direct file download in chunks of 131072 at 0, stride 131072
2025-01-31 11:18:52,422 - INFO - Starting direct file download in chunks of 131072 at 0, stride 131072
2025-01-31 11:18:53,379 - INFO - Starting direct file download in chunks of 131072 at 0, stride 131072
2025-01-31 11:18:54,265 - INFO - Starting direct file download in chunks of 131072 at 0, stride 131072
2025-01-31 11:18:55,852 - INFO - Starting direct file download in chunks of 131072 at 0, stride 131072
2025-01-31 11:18:56,748 - INFO - Starting direct file download in chunks of 131072 at 0, stride 131072
2025-01-31 11:18:57,977 - INFO - Starting direct file download in chunks of 131072 at 0, stride 131072
2025-01-31 11:18:59,007 - INFO - Starting direct file download in chunks of 131072 at 0, stride 131072
2025-01-31 11:18:59,664 - INFO - Starting direct file download in chunks of 131072 at 0, stride 131072
2025-01-31 11:19:00,496 - INFO - Starting direct file download in chunks of 131072 at 0, stride 131072
2025-01-31 11:19:01,262 - INFO - Starting direct file download in chunks of 131072 at 0, stride 131072
2025-01-31 11:19:02,320 - INFO - Starting direct file download in chunks of 131072 at 0, stride 131072
2025-01-31 11:19:03,112 - INFO - Starting direct file download in chunks of 131072 at 0, stride 131072
2025-01-31 11:19:03,799 - INFO - Starting direct file download in chunks of 131072 at 0, stride 131072
2025-01-31 11:19:04,672 - INFO - Starting direct file download in chunks of 131072 at 0, stride 131072
2025-01-31 11:19:05,347 - INFO - Starting direct file download in chunks of 131072 at 0, stride 131072
2025-01-31 11:19:06,157 - INFO - Starting direct file download in chunks of 131072 at 0, stride 131072
2025-01-31 11:19:07,035 - INFO - Starting direct file download in chunks of 131072 at 0, stride 131072
2025-01-31 11:19:08,147 - INFO - Starting direct file download in chunks of 131072 at 0, stride 131072
2025-01-31 11:19:09,154 - INFO - Starting direct file download in chunks of 131072 at 0, stride 131072
2025-01-31 11:19:10,087 - INFO - Starting direct file download in chunks of 131072 at 0, stride 131072
2025-01-31 11:19:11,031 - INFO - Starting direct file download in chunks of 131072 at 0, stride 131072
2025-01-31 11:19:12,034 - INFO - Starting direct file download in chunks of 131072 at 0, stride 131072
2025-01-31 11:19:13,345 - INFO - Starting direct file download in chunks of 131072 at 0, stride 131072
2025-01-31 11:19:14,754 - INFO - Starting direct file download in chunks of 131072 at 0, stride 131072
2025-01-31 11:19:15,695 - INFO - Starting direct file download in chunks of 131072 at 0, stride 131072
2025-01-31 11:19:16,415 - INFO - Starting direct file download in chunks of 131072 at 0, stride 131072
2025-01-31 11:19:17,159 - INFO - Starting direct file download in chunks of 131072 at 0, stride 131072
2025-01-31 11:19:18,011 - INFO - Starting direct file download in chunks of 131072 at 0, stride 131072
2025-01-31 11:19:18,783 - INFO - Starting direct file download in chunks of 131072 at 0, stride 131072
2025-01-31 11:19:19,761 - INFO - Starting direct file download in chunks of 131072 at 0, stride 131072
2025-01-31 11:19:20,497 - INFO - Starting direct file download in chunks of 131072 at 0, stride 131072
2025-01-31 11:19:21,388 - INFO - Starting direct file download in chunks of 131072 at 0, stride 131072
2025-01-31 11:19:22,191 - INFO - Starting direct file download in chunks of 131072 at 0, stride 131072
2025-01-31 11:19:22,924 - INFO - Starting direct file download in chunks of 131072 at 0, stride 131072
2025-01-31 11:19:23,523 - INFO - Starting direct file download in chunks of 131072 at 0, stride 131072
2025-01-31 11:19:24,635 - INFO - Starting direct file download in chunks of 131072 at 0, stride 131072
2025-01-31 11:19:25,076 - INFO - Starting direct file download in chunks of 131072 at 0, stride 131072
2025-01-31 11:19:25,914 - INFO - Starting direct file download in chunks of 131072 at 0, stride 131072
2025-01-31 11:19:26,688 - INFO - Starting direct file download in chunks of 131072 at 0, stride 131072
2025-01-31 11:19:27,605 - INFO - Starting direct file download in chunks of 131072 at 0, stride 131072
2025-01-31 11:19:28,805 - INFO - Starting direct file download in chunks of 131072 at 0, stride 131072
2025-01-31 11:19:30,140 - INFO - Starting direct file download in chunks of 131072 at 0, stride 131072
2025-01-31 11:19:31,402 - INFO - Starting direct file download in chunks of 131072 at 0, stride 131072
2025-01-31 11:19:32,636 - INFO - Starting direct file download in chunks of 131072 at 0, stride 131072
2025-01-31 11:19:33,935 - INFO - Starting direct file download in chunks of 131072 at 0, stride 131072
2025-01-31 11:19:34,697 - INFO - Starting direct file download in chunks of 131072 at 0, stride 131072
2025-01-31 11:19:35,867 - INFO - Starting direct file download in chunks of 131072 at 0, stride 131072
2025-01-31 11:19:37,465 - INFO - Starting direct file download in chunks of 131072 at 0, stride 131072
2025-01-31 11:19:39,144 - INFO - Starting direct file download in chunks of 131072 at 0, stride 131072
2025-01-31 11:19:39,864 - INFO - Starting direct file download in chunks of 131072 at 0, stride 131072
2025-01-31 11:19:41,461 - INFO - Starting direct file download in chunks of 131072 at 0, stride 131072
2025-01-31 11:19:42,854 - INFO - Starting direct file download in chunks of 131072 at 0, stride 131072
2025-01-31 11:19:43,493 - INFO - Starting direct file download in chunks of 131072 at 0, stride 131072
2025-01-31 11:19:44,448 - INFO - Starting direct file download in chunks of 131072 at 0, stride 131072
2025-01-31 11:19:45,473 - INFO - Starting direct file download in chunks of 131072 at 0, stride 131072
2025-01-31 11:19:46,764 - INFO - Starting direct file download in chunks of 131072 at 0, stride 131072
2025-01-31 11:19:47,667 - INFO - Starting direct file download in chunks of 131072 at 0, stride 131072
2025-01-31 11:19:48,538 - INFO - Starting direct file download in chunks of 131072 at 0, stride 131072
2025-01-31 11:19:49,247 - INFO - Starting direct file download in chunks of 131072 at 0, stride 131072
2025-01-31 11:19:50,209 - INFO - Starting direct file download in chunks of 131072 at 0, stride 131072
2025-01-31 11:19:51,094 - INFO - Starting direct file download in chunks of 131072 at 0, stride 131072
2025-01-31 11:19:51,807 - INFO - Starting direct file download in chunks of 131072 at 0, stride 131072
2025-01-31 11:19:52,716 - INFO - Starting direct file download in chunks of 131072 at 0, stride 131072
2025-01-31 11:19:53,637 - INFO - Starting direct file download in chunks of 131072 at 0, stride 131072
2025-01-31 11:19:54,802 - INFO - Starting direct file download in chunks of 131072 at 0, stride 131072
2025-01-31 11:19:55,776 - INFO - Starting direct file download in chunks of 131072 at 0, stride 131072
2025-01-31 11:19:56,920 - INFO - Starting direct file download in chunks of 131072 at 0, stride 131072
2025-01-31 11:19:57,036 - INFO - File lives in another DC
2025-01-31 11:19:57,036 - INFO - Connecting to 149.154.175.58:443/TcpFull...
2025-01-31 11:19:59,657 - INFO - Connection to 149.154.175.58:443/TcpFull complete!
2025-01-31 11:19:59,657 - INFO - Exporting auth for new borrowed sender in DcOption(id=1, ip_address='149.154.175.58', port=443, ipv6=False, media_only=False, tcpo_only=False, cdn=False, static=False, this_port_only=False, secret=None)
2025-01-31 11:20:02,731 - INFO - Starting direct file download in chunks of 131072 at 0, stride 131072
2025-01-31 11:20:03,040 - INFO - File lives in another DC
2025-01-31 11:20:04,462 - INFO - Starting direct file download in chunks of 131072 at 0, stride 131072
2025-01-31 11:20:04,596 - INFO - File lives in another DC
2025-01-31 11:20:05,453 - INFO - Starting direct file download in chunks of 131072 at 0, stride 131072
2025-01-31 11:20:05,575 - INFO - File lives in another DC
2025-01-31 11:20:06,504 - INFO - Starting direct file download in chunks of 131072 at 0, stride 131072
2025-01-31 11:20:06,631 - INFO - File lives in another DC
2025-01-31 11:20:07,513 - INFO - Starting direct file download in chunks of 131072 at 0, stride 131072
2025-01-31 11:20:07,632 - INFO - File lives in another DC
2025-01-31 11:20:08,883 - INFO - Completed scraping channel: yetenaweg - Total messages: 100
2025-01-31 11:20:08,883 - INFO - Scraping channel: EAHCI
2025-01-31 11:20:09,697 - INFO - Starting direct file download in chunks of 131072 at 0, stride 131072
2025-01-31 11:20:11,089 - INFO - Starting direct file download in chunks of 131072 at 0, stride 131072
2025-01-31 11:20:12,899 - INFO - Starting direct file download in chunks of 131072 at 0, stride 131072
2025-01-31 11:20:14,817 - INFO - Starting direct file download in chunks of 131072 at 0, stride 131072
2025-01-31 11:20:16,501 - INFO - Starting direct file download in chunks of 131072 at 0, stride 131072
2025-01-31 11:20:17,929 - INFO - Starting direct file download in chunks of 131072 at 0, stride 131072
2025-01-31 11:20:19,745 - INFO - Starting direct file download in chunks of 131072 at 0, stride 131072
2025-01-31 11:20:21,433 - INFO - Starting direct file download in chunks of 131072 at 0, stride 131072
2025-01-31 11:20:23,221 - INFO - Starting direct file download in chunks of 131072 at 0, stride 131072
2025-01-31 11:20:24,829 - INFO - Starting direct file download in chunks of 131072 at 0, stride 131072
2025-01-31 11:20:26,369 - INFO - Starting direct file download in chunks of 131072 at 0, stride 131072
2025-01-31 11:20:28,149 - INFO - Starting direct file download in chunks of 131072 at 0, stride 131072
2025-01-31 11:20:29,837 - INFO - Starting direct file download in chunks of 131072 at 0, stride 131072
2025-01-31 11:20:31,637 - INFO - Starting direct file download in chunks of 131072 at 0, stride 131072
2025-01-31 11:20:33,518 - INFO - Starting direct file download in chunks of 131072 at 0, stride 131072
2025-01-31 11:20:35,417 - INFO - Starting direct file download in chunks of 131072 at 0, stride 131072
2025-01-31 11:20:36,190 - INFO - Starting direct file download in chunks of 131072 at 0, stride 131072
2025-01-31 11:20:38,830 - INFO - Starting direct file download in chunks of 131072 at 0, stride 131072
2025-01-31 11:20:41,081 - INFO - Starting direct file download in chunks of 131072 at 0, stride 131072
2025-01-31 11:20:43,184 - INFO - Starting direct file download in chunks of 131072 at 0, stride 131072
2025-01-31 11:20:44,634 - INFO - Starting direct file download in chunks of 131072 at 0, stride 131072
2025-01-31 11:20:46,777 - INFO - Starting direct file download in chunks of 131072 at 0, stride 131072
2025-01-31 11:20:49,462 - INFO - Starting direct file download in chunks of 131072 at 0, stride 131072
2025-01-31 11:20:52,239 - INFO - Starting direct file download in chunks of 131072 at 0, stride 131072
2025-01-31 11:20:55,022 - INFO - Starting direct file download in chunks of 131072 at 0, stride 131072
2025-01-31 11:20:57,997 - INFO - Starting direct file download in chunks of 131072 at 0, stride 131072
2025-01-31 11:21:01,927 - INFO - Starting direct file download in chunks of 131072 at 0, stride 131072
2025-01-31 11:21:04,266 - INFO - Starting direct file download in chunks of 131072 at 0, stride 131072
2025-01-31 11:21:06,538 - INFO - Starting direct file download in chunks of 131072 at 0, stride 131072
2025-01-31 11:21:08,699 - INFO - Starting direct file download in chunks of 131072 at 0, stride 131072
2025-01-31 11:21:10,610 - INFO - Starting direct file download in chunks of 131072 at 0, stride 131072
2025-01-31 11:21:11,980 - INFO - Starting direct file download in chunks of 131072 at 0, stride 131072
2025-01-31 11:21:14,012 - INFO - Starting direct file download in chunks of 131072 at 0, stride 131072
2025-01-31 11:21:17,795 - INFO - Starting direct file download in chunks of 131072 at 0, stride 131072
2025-01-31 11:21:20,031 - INFO - Starting direct file download in chunks of 131072 at 0, stride 131072
2025-01-31 11:21:22,211 - INFO - Starting direct file download in chunks of 131072 at 0, stride 131072
2025-01-31 11:21:24,701 - INFO - Starting direct file download in chunks of 131072 at 0, stride 131072
2025-01-31 11:21:26,695 - INFO - Starting direct file download in chunks of 131072 at 0, stride 131072
2025-01-31 11:21:30,655 - INFO - Starting direct file download in chunks of 131072 at 0, stride 131072
2025-01-31 11:21:34,831 - INFO - Starting direct file download in chunks of 131072 at 0, stride 131072
2025-01-31 11:21:37,043 - INFO - Starting direct file download in chunks of 131072 at 0, stride 131072
2025-01-31 11:21:38,740 - INFO - Disconnecting borrowed sender for DC 1
2025-01-31 11:21:38,740 - INFO - Disconnecting from 149.154.175.58:443/TcpFull...
2025-01-31 11:21:38,756 - INFO - Disconnection from 149.154.175.58:443/TcpFull complete!
2025-01-31 11:21:39,462 - INFO - Starting direct file download in chunks of 131072 at 0, stride 131072
2025-01-31 11:21:41,008 - INFO - Starting direct file download in chunks of 131072 at 0, stride 131072
2025-01-31 11:21:43,412 - INFO - Starting direct file download in chunks of 131072 at 0, stride 131072
2025-01-31 11:21:45,564 - INFO - Starting direct file download in chunks of 131072 at 0, stride 131072
2025-01-31 11:21:47,905 - INFO - Starting direct file download in chunks of 131072 at 0, stride 131072
2025-01-31 11:21:49,957 - INFO - Starting direct file download in chunks of 131072 at 0, stride 131072
2025-01-31 11:21:51,503 - INFO - Starting direct file download in chunks of 131072 at 0, stride 131072
2025-01-31 11:21:53,952 - INFO - Starting direct file download in chunks of 131072 at 0, stride 131072
2025-01-31 11:21:56,631 - INFO - Starting direct file download in chunks of 131072 at 0, stride 131072
2025-01-31 11:21:58,922 - INFO - Starting direct file download in chunks of 131072 at 0, stride 131072
2025-01-31 11:22:01,754 - INFO - Starting direct file download in chunks of 131072 at 0, stride 131072
2025-01-31 11:22:04,281 - INFO - Starting direct file download in chunks of 131072 at 0, stride 131072
2025-01-31 11:22:06,466 - INFO - Starting direct file download in chunks of 131072 at 0, stride 131072
2025-01-31 11:22:08,701 - INFO - Starting direct file download in chunks of 131072 at 0, stride 131072
2025-01-31 11:22:10,653 - INFO - Starting direct file download in chunks of 131072 at 0, stride 131072
2025-01-31 11:22:12,919 - INFO - Starting direct file download in chunks of 131072 at 0, stride 131072
2025-01-31 11:22:15,157 - INFO - Starting direct file download in chunks of 131072 at 0, stride 131072
2025-01-31 11:22:15,819 - INFO - Starting direct file download in chunks of 131072 at 0, stride 131072
2025-01-31 11:22:17,482 - INFO - Starting direct file download in chunks of 131072 at 0, stride 131072
2025-01-31 11:22:19,442 - INFO - Starting direct file download in chunks of 131072 at 0, stride 131072
2025-01-31 11:22:21,622 - INFO - Starting direct file download in chunks of 131072 at 0, stride 131072
2025-01-31 11:22:24,622 - INFO - Starting direct file download in chunks of 131072 at 0, stride 131072
2025-01-31 11:22:27,274 - INFO - Starting direct file download in chunks of 131072 at 0, stride 131072
2025-01-31 11:22:28,887 - INFO - Starting direct file download in chunks of 131072 at 0, stride 131072
2025-01-31 11:22:31,599 - INFO - Starting direct file download in chunks of 131072 at 0, stride 131072
2025-01-31 11:22:33,388 - INFO - Starting direct file download in chunks of 131072 at 0, stride 131072
2025-01-31 11:22:35,534 - INFO - Starting direct file download in chunks of 131072 at 0, stride 131072
2025-01-31 11:22:38,140 - INFO - Starting direct file download in chunks of 131072 at 0, stride 131072
2025-01-31 11:22:39,133 - INFO - Starting direct file download in chunks of 131072 at 0, stride 131072
2025-01-31 11:22:41,621 - INFO - Starting direct file download in chunks of 131072 at 0, stride 131072
2025-01-31 11:22:44,372 - INFO - Starting direct file download in chunks of 131072 at 0, stride 131072
2025-01-31 11:22:46,891 - INFO - Starting direct file download in chunks of 131072 at 0, stride 131072
2025-01-31 11:22:48,855 - INFO - Starting direct file download in chunks of 131072 at 0, stride 131072
2025-01-31 11:22:50,264 - INFO - Starting direct file download in chunks of 131072 at 0, stride 131072
2025-01-31 11:22:51,972 - INFO - Starting direct file download in chunks of 131072 at 0, stride 131072
2025-01-31 11:22:53,943 - INFO - Starting direct file download in chunks of 131072 at 0, stride 131072
2025-01-31 11:22:55,798 - INFO - Starting direct file download in chunks of 131072 at 0, stride 131072
2025-01-31 11:22:57,488 - INFO - Starting direct file download in chunks of 131072 at 0, stride 131072
2025-01-31 11:22:59,456 - INFO - Completed scraping channel: EAHCI - Total messages: 100
2025-01-31 11:22:59,456 - INFO - Scraping channel: CheMed123
2025-01-31 11:23:00,315 - INFO - Starting direct file download in chunks of 131072 at 0, stride 131072
2025-01-31 11:23:01,243 - INFO - Starting direct file download in chunks of 131072 at 0, stride 131072
2025-01-31 11:23:02,615 - INFO - Starting direct file download in chunks of 131072 at 0, stride 131072
2025-01-31 11:23:03,498 - INFO - Starting direct file download in chunks of 131072 at 0, stride 131072
2025-01-31 11:23:04,549 - INFO - Starting direct file download in chunks of 131072 at 0, stride 131072
2025-01-31 11:23:06,163 - INFO - Starting direct file download in chunks of 131072 at 0, stride 131072
2025-01-31 11:23:07,553 - INFO - Starting direct file download in chunks of 131072 at 0, stride 131072
2025-01-31 11:23:08,382 - INFO - Starting direct file download in chunks of 131072 at 0, stride 131072
2025-01-31 11:23:10,159 - INFO - Starting direct file download in chunks of 131072 at 0, stride 131072
2025-01-31 11:23:11,537 - INFO - Starting direct file download in chunks of 131072 at 0, stride 131072
2025-01-31 11:23:12,832 - INFO - Starting direct file download in chunks of 131072 at 0, stride 131072
2025-01-31 11:23:14,206 - INFO - Starting direct file download in chunks of 131072 at 0, stride 131072
2025-01-31 11:23:14,957 - INFO - Starting direct file download in chunks of 131072 at 0, stride 131072
2025-01-31 11:23:15,965 - INFO - Starting direct file download in chunks of 131072 at 0, stride 131072
2025-01-31 11:23:17,350 - INFO - Starting direct file download in chunks of 131072 at 0, stride 131072
2025-01-31 11:23:18,314 - INFO - Starting direct file download in chunks of 131072 at 0, stride 131072
2025-01-31 11:23:19,868 - INFO - Starting direct file download in chunks of 131072 at 0, stride 131072
2025-01-31 11:23:21,507 - INFO - Starting direct file download in chunks of 131072 at 0, stride 131072
2025-01-31 11:23:22,990 - INFO - Starting direct file download in chunks of 131072 at 0, stride 131072
2025-01-31 11:23:24,280 - INFO - Starting direct file download in chunks of 131072 at 0, stride 131072
2025-01-31 11:23:25,513 - INFO - Starting direct file download in chunks of 131072 at 0, stride 131072
2025-01-31 11:23:26,365 - INFO - Starting direct file download in chunks of 131072 at 0, stride 131072
2025-01-31 11:23:27,894 - INFO - Starting direct file download in chunks of 131072 at 0, stride 131072
2025-01-31 11:23:29,295 - INFO - Starting direct file download in chunks of 131072 at 0, stride 131072
2025-01-31 11:23:31,302 - INFO - Starting direct file download in chunks of 131072 at 0, stride 131072
2025-01-31 11:23:32,799 - INFO - Starting direct file download in chunks of 131072 at 0, stride 131072
2025-01-31 11:23:33,796 - INFO - Starting direct file download in chunks of 131072 at 0, stride 131072
2025-01-31 11:23:35,099 - INFO - Starting direct file download in chunks of 131072 at 0, stride 131072
2025-01-31 11:23:35,586 - INFO - Starting direct file download in chunks of 131072 at 0, stride 131072
2025-01-31 11:23:37,181 - INFO - Starting direct file download in chunks of 131072 at 0, stride 131072
2025-01-31 11:23:38,819 - INFO - Starting direct file download in chunks of 131072 at 0, stride 131072
2025-01-31 11:23:40,172 - INFO - Starting direct file download in chunks of 131072 at 0, stride 131072
2025-01-31 11:23:40,987 - INFO - Starting direct file download in chunks of 131072 at 0, stride 131072
2025-01-31 11:23:41,837 - INFO - Starting direct file download in chunks of 131072 at 0, stride 131072
2025-01-31 11:23:42,630 - INFO - Starting direct file download in chunks of 131072 at 0, stride 131072
2025-01-31 11:23:44,448 - INFO - Starting direct file download in chunks of 131072 at 0, stride 131072
2025-01-31 11:23:45,462 - INFO - Starting direct file download in chunks of 131072 at 0, stride 131072
2025-01-31 11:23:46,463 - INFO - Starting direct file download in chunks of 131072 at 0, stride 131072
2025-01-31 11:23:47,279 - INFO - Starting direct file download in chunks of 131072 at 0, stride 131072
2025-01-31 11:23:48,379 - INFO - Starting direct file download in chunks of 131072 at 0, stride 131072
2025-01-31 11:23:49,715 - INFO - Starting direct file download in chunks of 131072 at 0, stride 131072
2025-01-31 11:23:50,563 - INFO - Starting direct file download in chunks of 131072 at 0, stride 131072
2025-01-31 11:23:51,391 - INFO - Starting direct file download in chunks of 131072 at 0, stride 131072
2025-01-31 11:23:52,287 - INFO - Starting direct file download in chunks of 131072 at 0, stride 131072
2025-01-31 11:23:53,020 - INFO - Starting direct file download in chunks of 131072 at 0, stride 131072
2025-01-31 11:23:54,313 - INFO - Starting direct file download in chunks of 131072 at 0, stride 131072
2025-01-31 11:23:55,741 - INFO - Starting direct file download in chunks of 131072 at 0, stride 131072
2025-01-31 11:23:57,325 - INFO - Starting direct file download in chunks of 131072 at 0, stride 131072
2025-01-31 11:23:58,103 - INFO - Starting direct file download in chunks of 131072 at 0, stride 131072
2025-01-31 11:23:59,745 - INFO - Starting direct file download in chunks of 131072 at 0, stride 131072
2025-01-31 11:24:00,623 - INFO - Starting direct file download in chunks of 131072 at 0, stride 131072
2025-01-31 11:24:02,491 - INFO - Starting direct file download in chunks of 131072 at 0, stride 131072
2025-01-31 11:24:03,561 - INFO - Starting direct file download in chunks of 131072 at 0, stride 131072
2025-01-31 11:24:04,535 - INFO - Starting direct file download in chunks of 131072 at 0, stride 131072
2025-01-31 11:24:05,229 - INFO - Starting direct file download in chunks of 131072 at 0, stride 131072
2025-01-31 11:24:06,211 - INFO - Starting direct file download in chunks of 131072 at 0, stride 131072
2025-01-31 11:24:08,269 - INFO - Starting direct file download in chunks of 131072 at 0, stride 131072
2025-01-31 11:24:10,255 - INFO - Starting direct file download in chunks of 131072 at 0, stride 131072
2025-01-31 11:24:11,153 - INFO - Starting direct file download in chunks of 131072 at 0, stride 131072
2025-01-31 11:24:12,220 - INFO - Starting direct file download in chunks of 131072 at 0, stride 131072
2025-01-31 11:24:13,011 - INFO - Starting direct file download in chunks of 131072 at 0, stride 131072
2025-01-31 11:24:14,312 - INFO - Starting direct file download in chunks of 131072 at 0, stride 131072
2025-01-31 11:24:16,423 - INFO - Starting direct file download in chunks of 131072 at 0, stride 131072
2025-01-31 11:24:17,544 - INFO - Starting direct file download in chunks of 131072 at 0, stride 131072
2025-01-31 11:24:19,042 - INFO - Starting direct file download in chunks of 131072 at 0, stride 131072
2025-01-31 11:24:19,502 - INFO - Starting direct file download in chunks of 131072 at 0, stride 131072
2025-01-31 11:24:19,899 - INFO - Starting direct file download in chunks of 131072 at 0, stride 131072
2025-01-31 11:24:20,406 - INFO - Completed scraping channel: CheMed123 - Total messages: 76
2025-01-31 11:24:20,406 - INFO - Scraping channel: pzeth
2025-01-31 11:24:20,929 - INFO - Starting direct file download in chunks of 131072 at 0, stride 131072
2025-01-31 11:24:22,930 - INFO - Starting direct file download in chunks of 131072 at 0, stride 131072
2025-01-31 11:24:25,393 - INFO - Starting direct file download in chunks of 131072 at 0, stride 131072
2025-01-31 11:24:29,324 - INFO - Starting direct file download in chunks of 131072 at 0, stride 131072
2025-01-31 11:24:30,877 - INFO - Starting direct file download in chunks of 131072 at 0, stride 131072
2025-01-31 11:24:32,680 - INFO - Starting direct file download in chunks of 131072 at 0, stride 131072
2025-01-31 11:24:34,437 - INFO - Starting direct file download in chunks of 131072 at 0, stride 131072
2025-01-31 11:24:36,441 - INFO - Starting direct file download in chunks of 131072 at 0, stride 131072
2025-01-31 11:24:37,935 - INFO - Starting direct file download in chunks of 131072 at 0, stride 131072
2025-01-31 11:24:39,760 - INFO - Starting direct file download in chunks of 131072 at 0, stride 131072
2025-01-31 11:24:41,340 - INFO - Starting direct file download in chunks of 131072 at 0, stride 131072
2025-01-31 11:24:42,896 - INFO - Starting direct file download in chunks of 131072 at 0, stride 131072
2025-01-31 11:24:44,292 - INFO - Starting direct file download in chunks of 131072 at 0, stride 131072
2025-01-31 11:24:45,801 - INFO - Starting direct file download in chunks of 131072 at 0, stride 131072
2025-01-31 11:24:46,734 - INFO - Starting direct file download in chunks of 131072 at 0, stride 131072
2025-01-31 11:24:48,115 - INFO - Starting direct file download in chunks of 131072 at 0, stride 131072
2025-01-31 11:24:49,762 - INFO - Starting direct file download in chunks of 131072 at 0, stride 131072
2025-01-31 11:24:51,133 - INFO - Starting direct file download in chunks of 131072 at 0, stride 131072
2025-01-31 11:24:52,548 - INFO - Starting direct file download in chunks of 131072 at 0, stride 131072
2025-01-31 11:24:53,475 - INFO - Starting direct file download in chunks of 131072 at 0, stride 131072
2025-01-31 11:24:54,582 - INFO - Starting direct file download in chunks of 131072 at 0, stride 131072
2025-01-31 11:24:57,336 - INFO - Starting direct file download in chunks of 131072 at 0, stride 131072
2025-01-31 11:24:59,928 - INFO - Starting direct file download in chunks of 131072 at 0, stride 131072
2025-01-31 11:25:02,561 - INFO - Starting direct file download in chunks of 131072 at 0, stride 131072
2025-01-31 11:25:05,616 - INFO - Starting direct file download in chunks of 131072 at 0, stride 131072
2025-01-31 11:25:08,497 - INFO - Starting direct file download in chunks of 131072 at 0, stride 131072
2025-01-31 11:25:11,076 - INFO - Starting direct file download in chunks of 131072 at 0, stride 131072
2025-01-31 11:25:13,597 - INFO - Starting direct file download in chunks of 131072 at 0, stride 131072
2025-01-31 11:25:16,225 - INFO - Starting direct file download in chunks of 131072 at 0, stride 131072
2025-01-31 11:25:18,575 - INFO - Starting direct file download in chunks of 131072 at 0, stride 131072
2025-01-31 11:25:20,954 - INFO - Starting direct file download in chunks of 131072 at 0, stride 131072
2025-01-31 11:25:23,504 - INFO - Starting direct file download in chunks of 131072 at 0, stride 131072
2025-01-31 11:25:25,814 - INFO - Starting direct file download in chunks of 131072 at 0, stride 131072
2025-01-31 11:25:27,529 - INFO - Starting direct file download in chunks of 131072 at 0, stride 131072
2025-01-31 11:25:29,455 - INFO - Starting direct file download in chunks of 131072 at 0, stride 131072
2025-01-31 11:25:31,087 - INFO - Starting direct file download in chunks of 131072 at 0, stride 131072
2025-01-31 11:25:32,155 - INFO - Starting direct file download in chunks of 131072 at 0, stride 131072
2025-01-31 11:25:35,848 - INFO - Starting direct file download in chunks of 131072 at 0, stride 131072
2025-01-31 11:25:37,745 - INFO - Starting direct file download in chunks of 131072 at 0, stride 131072
2025-01-31 11:25:39,622 - INFO - Starting direct file download in chunks of 131072 at 0, stride 131072
2025-01-31 11:25:40,556 - INFO - Starting direct file download in chunks of 131072 at 0, stride 131072
2025-01-31 11:25:41,472 - INFO - Starting direct file download in chunks of 131072 at 0, stride 131072
2025-01-31 11:25:42,726 - INFO - Starting direct file download in chunks of 131072 at 0, stride 131072
2025-01-31 11:25:44,120 - INFO - Starting direct file download in chunks of 131072 at 0, stride 131072
2025-01-31 11:25:45,335 - INFO - Starting direct file download in chunks of 131072 at 0, stride 131072
2025-01-31 11:25:46,221 - INFO - Starting direct file download in chunks of 131072 at 0, stride 131072
2025-01-31 11:25:47,405 - INFO - Starting direct file download in chunks of 131072 at 0, stride 131072
2025-01-31 11:25:48,797 - INFO - Starting direct file download in chunks of 131072 at 0, stride 131072
2025-01-31 11:25:49,805 - INFO - Starting direct file download in chunks of 131072 at 0, stride 131072
2025-01-31 11:25:50,487 - INFO - Starting direct file download in chunks of 131072 at 0, stride 131072
2025-01-31 11:25:52,448 - INFO - Starting direct file download in chunks of 131072 at 0, stride 131072
2025-01-31 11:25:54,069 - INFO - Starting direct file download in chunks of 131072 at 0, stride 131072
2025-01-31 11:25:56,461 - INFO - Starting direct file download in chunks of 131072 at 0, stride 131072
2025-01-31 11:25:57,521 - INFO - Starting direct file download in chunks of 131072 at 0, stride 131072
2025-01-31 11:25:59,154 - INFO - Starting direct file download in chunks of 131072 at 0, stride 131072
2025-01-31 11:26:00,371 - INFO - Starting direct file download in chunks of 131072 at 0, stride 131072
2025-01-31 11:26:02,103 - INFO - Starting direct file download in chunks of 131072 at 0, stride 131072
2025-01-31 11:26:05,764 - INFO - Starting direct file download in chunks of 131072 at 0, stride 131072
2025-01-31 11:26:07,687 - INFO - Starting direct file download in chunks of 131072 at 0, stride 131072
2025-01-31 11:26:09,644 - INFO - Starting direct file download in chunks of 131072 at 0, stride 131072
2025-01-31 11:26:11,303 - INFO - Starting direct file download in chunks of 131072 at 0, stride 131072
2025-01-31 11:26:12,873 - INFO - Starting direct file download in chunks of 131072 at 0, stride 131072
2025-01-31 11:26:13,820 - INFO - Starting direct file download in chunks of 131072 at 0, stride 131072
2025-01-31 11:26:14,502 - INFO - Completed scraping channel: pzeth - Total messages: 100
2025-01-31 11:26:14,519 - INFO - Data successfully appended to CSV. Scraping completed.
2025-01-31 11:26:14,531 - INFO - Disconnecting from 149.154.167.92:443/TcpFull...
2025-01-31 11:26:14,535 - INFO - Disconnection from 149.154.167.92:443/TcpFull complete!
2025-01-31 11:26:14,540 - INFO - Not disconnecting (already have no connection)
